 LOG  [import] wikiFolderLocation: file:///data/user/0/ren.onetwo.tidgi.mobile.test/files/wikis/VKt1l29a3_B7BOIak-BP7
 LOG  [import] Creating empty directory for git clone: file:///data/user/0/ren.onetwo.tidgi.mobile.test/files/wikis/VKt1l29a3_B7BOIak-BP7
 LOG  [import] Starting git clone...
 LOG  Git clone URL: http://192.168.3.24:5215/tw-mobile-sync/git/VKt1l29a3_B7BOIak-BP7
 LOG  Git clone directory: /data/user/0/ren.onetwo.tidgi.mobile.test/files/wikis/VKt1l29a3_B7BOIak-BP7
 LOG  Git clone remote: {
  "baseUrl": "http://192.168.3.24:5215",
  "workspaceId": "VKt1l29a3_B7BOIak-BP7"
}
 LOG  [archiveClone] Probing endpoint: http://192.168.3.24:5215/tw-mobile-sync/git/VKt1l29a3_B7BOIak-BP7/full-archive
 LOG  [archiveClone] full-archive endpoint not available (404)
 LOG  Git clone strategy: {"depth": 1, "noTags": true, "singleBranch": true}
 LOG  Git HTTP request: {"headers": {"Accept-Encoding": "identity", "X-Requested-With": "TiddlyWiki"}, "method": "GET", "url": "http://192.168.3.24:5215/tw-mobile-sync/git/VKt1l29a3_B7BOIak-BP7/info/refs?service=git-upload-pack"}
 LOG  Git HTTP response: {"statusCode": 200, "statusMessage": "", "url": "http://192.168.3.24:5215/tw-mobile-sync/git/VKt1l29a3_B7BOIak-BP7/info/refs?service=git-upload-pack"}
 LOG  Git HTTP request: {"headers": {"Accept-Encoding": "identity", "X-Requested-With": "TiddlyWiki", "accept": "application/x-git-upload-pack-result", "content-type": "application/x-git-upload-pack-request"}, "method": "POST", "url": "http://192.168.3.24:5215/tw-mobile-sync/git/VKt1l29a3_B7BOIak-BP7/git-upload-pack"}
 LOG  Git HTTP (native streaming): {"temporaryPath": "/data/user/0/ren.onetwo.tidgi.mobile.test/cache//git-pack-1775064147116.tmp", "url": "http://192.168.3.24:5215/tw-mobile-sync/git/VKt1l29a3_B7BOIak-BP7/git-upload-pack"}
 LOG  Git HTTP response (native): {"bytesWritten": 54812276, "statusCode": 200, "url": "http://192.168.3.24:5215/tw-mobile-sync/git/VKt1l29a3_B7BOIak-BP7/git-upload-pack"}
 LOG  Pack stream fully consumed: 894 MB — indexing will start
 LOG  Pack stream fully consumed: 52 MB — indexing will start
 LOG  Successfully cloned repository to /data/user/0/ren.onetwo.tidgi.mobile.test/files/wikis/VKt1l29a3_B7BOIak-BP7
 LOG  [import] Git clone completed
 LOG  resetWebviewReceiverReady on webViewKeyToReloadAfterRecycleByOS and init
 LOG  [useTiddlyWiki] effect fired: loaded=false, webViewRef=true, webviewLoaded=false, workspaceId=VKt1l29a3_B7BOIak-BP7, wikiFolderLocation=file:///data/user/0/ren.onetwo.tidgi.mobile.test/files/wikis/VKt1l29a3_B7BOIak-BP7
 LOG  [WikiViewer] onLoadEnd fired, setting loaded=true
 LOG  [useTiddlyWiki] effect fired: loaded=true, webViewRef=true, webviewLoaded=true, workspaceId=VKt1l29a3_B7BOIak-BP7, wikiFolderLocation=file:///data/user/0/ren.onetwo.tidgi.mobile.test/files/wikis/VKt1l29a3_B7BOIak-BP7
 LOG  [useTiddlyWiki] assets loaded: html=2598105, syncadaptor=18151
 LOG  [FileSystemTiddlersReadStream] init workspace VKt1l29a3_B7BOIak-BP7: tiddlerFolderPath=file:///data/user/0/ren.onetwo.tidgi.mobile.test/files/wikis/VKt1l29a3_B7BOIak-BP7/tiddlers/
 LOG  [FileSystemTiddlersReadStream] (internal) folder.exists=true, folder.uri=file:///data/user/0/ren.onetwo.tidgi.mobile.test/files/wikis/VKt1l29a3_B7BOIak-BP7/tiddlers/
 LOG  [FileSystemTiddlersReadStream] Found 1992 tiddler files
 LOG  [FileSystemTiddlersReadStream] First few files: file:///data/user/0/ren.onetwo.tidgi.mobile.test/files/wikis/VKt1l29a3_B7BOIak-BP7/tiddlers/system/%24__ControlPanel_Settings_WikiLabs.tid, file:///data/user/0/ren.onetwo.tidgi.mobile.test/files/wikis/VKt1l29a3_B7BOIak-BP7/tiddlers/system/%24__Deck_%E5%89%AA%E8%97%8F.tid, file:///data/user/0/ren.onetwo.tidgi.mobile.test/files/wikis/VKt1l29a3_B7BOIak-BP7/tiddlers/system/%24__Deck_%E6%95%B4%E7%90%86%E6%83%B3%E6%B3%95.json, file:///data/user/0/ren.onetwo.tidgi.mobile.test/files/wikis/VKt1l29a3_B7BOIak-BP7/tiddlers/system/%24__DefaultTiddlers.tid, file:///data/user/0/ren.onetwo.tidgi.mobile.test/files/wikis/VKt1l29a3_B7BOIak-BP7/tiddlers/system/%24__GitHub_Branch.tid
 LOG  [injectHtmlAndTiddlersStore] called, webViewRef=true, servicesReady=true
 LOG  [injectHtmlAndTiddlersStore] waiting for webview receiver ready...
 LOG  backoff retry waitForWebviewReceiverReady, #webViewReceiverReady: false
 LOG  sendDataToWebView CHECK_RECEIVER_READY
 LOG  backoff retry waitForWebviewReceiverReady, #webViewReceiverReady: true
 LOG  [injectHtmlAndTiddlersStore] webview receiver ready, sending HTML (length=2598105)...
 LOG  sendDataToWebView SET_CONTENT
 LOG  [injectHtmlAndTiddlersStore] HTML sent, starting tiddler stream pipe...
 LOG  [FileSystemTiddlersReadStream] _read: starting stream, totalFiles=1992
 LOG  sendDataToWebView APPEND_CHUNK
 LOG  sendDataToWebView APPEND_CHUNK
 LOG  sendDataToWebView APPEND_CHUNK
 LOG  sendDataToWebView APPEND_CHUNK
 LOG  sendDataToWebView APPEND_CHUNK
 LOG  sendDataToWebView APPEND_CHUNK
 LOG  sendDataToWebView APPEND_CHUNK

(这里卡了很久，没有额外log，难以排查。我杀掉应用并再试了一次还是这样）