 LOG  expo-share-intent module is disabled by configuration!
 LOG  resetWebviewReceiverReady on webViewKeyToReloadAfterRecycleByOS and init
 LOG  [useTiddlyWiki] effect fired: loaded=false, webViewRef=true, webviewLoaded=false, workspaceId=VKt1l29a3_B7BOIak-BP7, wikiFolderLocation=file:///data/user/0/ren.onetwo.tidgi.mobile.test/files/wikis/VKt1l29a3_B7BOIak-BP7
 LOG  [WikiViewer] onLoadEnd fired, setting loaded=true
 LOG  [useTiddlyWiki] effect fired: loaded=true, webViewRef=true, webviewLoaded=true, workspaceId=VKt1l29a3_B7BOIak-BP7, wikiFolderLocation=file:///data/user/0/ren.onetwo.tidgi.mobile.test/files/wikis/VKt1l29a3_B7BOIak-BP7
 LOG  [useTiddlyWiki] assets loaded: html=2597917, syncadaptor=18151
 LOG  [FileSystemTiddlersReadStream] init workspace VKt1l29a3_B7BOIak-BP7: tiddlerFolderPath=file:///data/user/0/ren.onetwo.tidgi.mobile.test/files/wikis/VKt1l29a3_B7BOIak-BP7/tiddlers/
 LOG  [FileSystemTiddlersReadStream] (internal) folder.exists=true, folder.uri=file:///data/user/0/ren.onetwo.tidgi.mobile.test/files/wikis/VKt1l29a3_B7BOIak-BP7/tiddlers/
 LOG  [FileSystemTiddlersReadStream] init workspace hGeOuKEK725KQ_6x0uD39: tiddlerFolderPath=file:///data/user/0/ren.onetwo.tidgi.mobile.test/files/wikis/hGeOuKEK725KQ_6x0uD39/
 LOG  [FileSystemTiddlersReadStream] (internal) folder.exists=true, folder.uri=file:///data/user/0/ren.onetwo.tidgi.mobile.test/files/wikis/hGeOuKEK725KQ_6x0uD39/
 LOG  [FileSystemTiddlersReadStream] init workspace S4sro1-MqxsSkw-eP7YLO: tiddlerFolderPath=file:///data/user/0/ren.onetwo.tidgi.mobile.test/files/wikis/S4sro1-MqxsSkw-eP7YLO/
 LOG  [FileSystemTiddlersReadStream] (internal) folder.exists=true, folder.uri=file:///data/user/0/ren.onetwo.tidgi.mobile.test/files/wikis/S4sro1-MqxsSkw-eP7YLO/

(这里卡了很久。)

 LOG  [FileSystemTiddlersReadStream] Found 26796 tiddler files
 LOG  [FileSystemTiddlersReadStream] First few files: file:///data/user/0/ren.onetwo.tidgi.mobile.test/files/wikis/VKt1l29a3_B7BOIak-BP7/tiddlers/system/%24__ControlPanel_Settings_WikiLabs.tid, file:///data/user/0/ren.onetwo.tidgi.mobile.test/files/wikis/VKt1l29a3_B7BOIak-BP7/tiddlers/system/%24__Deck_%E5%89%AA%E8%97%8F.tid, file:///data/user/0/ren.onetwo.tidgi.mobile.test/files/wikis/VKt1l29a3_B7BOIak-BP7/tiddlers/system/%24__Deck_%E6%95%B4%E7%90%86%E6%83%B3%E6%B3%95.json, file:///data/user/0/ren.onetwo.tidgi.mobile.test/files/wikis/VKt1l29a3_B7BOIak-BP7/tiddlers/system/%24__DefaultTiddlers.tid, file:///data/user/0/ren.onetwo.tidgi.mobile.test/files/wikis/VKt1l29a3_B7BOIak-BP7/tiddlers/system/%24__GitHub_Branch.tid
 LOG  [injectHtmlAndTiddlersStore] called, webViewRef=true, servicesReady=true
 LOG  [injectHtmlAndTiddlersStore] waiting for webview receiver ready...
 LOG  backoff retry waitForWebviewReceiverReady, #webViewReceiverReady: false
 LOG  sendDataToWebView CHECK_RECEIVER_READY
 LOG  backoff retry waitForWebviewReceiverReady, #webViewReceiverReady: true
 LOG  [injectHtmlAndTiddlersStore] webview receiver ready, sending HTML (length=2597917)...
 LOG  sendDataToWebView SET_CONTENT
 LOG  [injectHtmlAndTiddlersStore] HTML sent, starting tiddler stream pipe...
 LOG  [FileSystemTiddlersReadStream] _read: starting stream, totalFiles=26796
 LOG  sendDataToWebView APPEND_CHUNK
 LOG  sendDataToWebView APPEND_CHUNK
 LOG  sendDataToWebView APPEND_CHUNK
 LOG  sendDataToWebView APPEND_CHUNK
 LOG  sendDataToWebView APPEND_CHUNK
 LOG  sendDataToWebView APPEND_CHUNK
 LOG  sendDataToWebView APPEND_CHUNK
 LOG  sendDataToWebView APPEND_CHUNK
 LOG  sendDataToWebView APPEND_CHUNK
 LOG  sendDataToWebView APPEND_CHUNK
 LOG  sendDataToWebView APPEND_CHUNK
 LOG  sendDataToWebView APPEND_CHUNK
 LOG  sendDataToWebView APPEND_CHUNK
 LOG  sendDataToWebView APPEND_CHUNK
 LOG  sendDataToWebView APPEND_CHUNK
 LOG  sendDataToWebView APPEND_CHUNK
 LOG  sendDataToWebView APPEND_CHUNK
 LOG  sendDataToWebView APPEND_CHUNK
 LOG  sendDataToWebView APPEND_CHUNK
 LOG  sendDataToWebView APPEND_CHUNK
 LOG  sendDataToWebView APPEND_CHUNK
 LOG  sendDataToWebView APPEND_CHUNK
 LOG  sendDataToWebView APPEND_CHUNK
 LOG  sendDataToWebView APPEND_CHUNK
 LOG  sendDataToWebView APPEND_CHUNK
 LOG  sendDataToWebView APPEND_CHUNK
 LOG  sendDataToWebView APPEND_CHUNK
 LOG  sendDataToWebView APPEND_CHUNK
 LOG  sendDataToWebView APPEND_CHUNK
 LOG  sendDataToWebView APPEND_CHUNK
 LOG  sendDataToWebView APPEND_CHUNK
 LOG  sendDataToWebView APPEND_CHUNK
 LOG  sendDataToWebView APPEND_CHUNK
 WARN  [gitHasChanges] ENOENT during statusMatrix, assuming changes exist: ENOENT: no such file or directory, lstat '使用动作栏操作按钮，您将会发现更多个性的功能 (#提示)-20140131140243000.tid'
 LOG  sendDataToWebView APPEND_CHUNK
 LOG  sendDataToWebView APPEND_CHUNK
 LOG  sendDataToWebView APPEND_CHUNK
 LOG  sendDataToWebView APPEND_CHUNK
 LOG  sendDataToWebView APPEND_CHUNK
 LOG  sendDataToWebView APPEND_CHUNK
 LOG  sendDataToWebView APPEND_CHUNK
 LOG  sendDataToWebView APPEND_CHUNK
 LOG  sendDataToWebView APPEND_CHUNK
 LOG  sendDataToWebView APPEND_CHUNK
 LOG  sendDataToWebView APPEND_CHUNK
 LOG  sendDataToWebView APPEND_CHUNK
 LOG  sendDataToWebView APPEND_CHUNK
 LOG  sendDataToWebView APPEND_CHUNK
 LOG  sendDataToWebView APPEND_CHUNK
 LOG  sendDataToWebView APPEND_CHUNK
 LOG  sendDataToWebView APPEND_CHUNK
 LOG  sendDataToWebView APPEND_CHUNK
 LOG  sendDataToWebView APPEND_CHUNK
 LOG  sendDataToWebView APPEND_CHUNK
 LOG  sendDataToWebView APPEND_CHUNK
 LOG  sendDataToWebView APPEND_CHUNK
 LOG  sendDataToWebView APPEND_CHUNK
 LOG  sendDataToWebView APPEND_CHUNK
 LOG  sendDataToWebView APPEND_CHUNK
 LOG  sendDataToWebView APPEND_CHUNK
 LOG  sendDataToWebView APPEND_CHUNK
 LOG  sendDataToWebView APPEND_CHUNK
 LOG  sendDataToWebView APPEND_CHUNK
 LOG  sendDataToWebView APPEND_CHUNK
 LOG  sendDataToWebView APPEND_CHUNK
 LOG  sendDataToWebView APPEND_CHUNK
 LOG  sendDataToWebView APPEND_CHUNK
 LOG  sendDataToWebView APPEND_CHUNK
 LOG  sendDataToWebView APPEND_CHUNK
 LOG  sendDataToWebView APPEND_CHUNK
 LOG  sendDataToWebView APPEND_CHUNK
 LOG  sendDataToWebView APPEND_CHUNK
 LOG  sendDataToWebView APPEND_CHUNK
 LOG  sendDataToWebView APPEND_CHUNK
 LOG  sendDataToWebView APPEND_CHUNK
 LOG  sendDataToWebView APPEND_CHUNK
 LOG  sendDataToWebView APPEND_CHUNK
 LOG  sendDataToWebView APPEND_CHUNK
 LOG  sendDataToWebView APPEND_CHUNK
 LOG  sendDataToWebView APPEND_CHUNK
 LOG  sendDataToWebView APPEND_CHUNK
 LOG  sendDataToWebView APPEND_CHUNK
 LOG  sendDataToWebView APPEND_CHUNK
 LOG  sendDataToWebView APPEND_CHUNK
 LOG  sendDataToWebView APPEND_CHUNK
 LOG  sendDataToWebView APPEND_CHUNK
 LOG  sendDataToWebView APPEND_CHUNK
 LOG  sendDataToWebView APPEND_CHUNK
 LOG  sendDataToWebView APPEND_CHUNK
 LOG  sendDataToWebView APPEND_CHUNK
 LOG  sendDataToWebView APPEND_CHUNK
 LOG  sendDataToWebView APPEND_CHUNK
 LOG  sendDataToWebView APPEND_CHUNK
 LOG  sendDataToWebView APPEND_CHUNK
 LOG  sendDataToWebView APPEND_CHUNK
 LOG  sendDataToWebView APPEND_CHUNK
 LOG  sendDataToWebView APPEND_CHUNK
 LOG  sendDataToWebView APPEND_CHUNK
 LOG  sendDataToWebView APPEND_CHUNK
 LOG  sendDataToWebView APPEND_CHUNK
 LOG  sendDataToWebView APPEND_CHUNK
 LOG  sendDataToWebView APPEND_CHUNK
 LOG  sendDataToWebView APPEND_CHUNK
 LOG  sendDataToWebView APPEND_CHUNK
 LOG  sendDataToWebView APPEND_CHUNK
 LOG  sendDataToWebView APPEND_CHUNK
 LOG  sendDataToWebView APPEND_CHUNK
 LOG  sendDataToWebView APPEND_CHUNK
 LOG  sendDataToWebView APPEND_CHUNK
 LOG  sendDataToWebView APPEND_CHUNK
 LOG  sendDataToWebView APPEND_CHUNK
 LOG  sendDataToWebView APPEND_CHUNK
 LOG  sendDataToWebView APPEND_CHUNK
 LOG  sendDataToWebView APPEND_CHUNK
 LOG  sendDataToWebView APPEND_CHUNK
 LOG  sendDataToWebView APPEND_CHUNK
 LOG  sendDataToWebView APPEND_CHUNK
 LOG  sendDataToWebView APPEND_CHUNK
 LOG  sendDataToWebView APPEND_CHUNK
 LOG  sendDataToWebView APPEND_CHUNK
 LOG  sendDataToWebView APPEND_CHUNK
 LOG  sendDataToWebView APPEND_CHUNK
 LOG  sendDataToWebView APPEND_CHUNK
 LOG  sendDataToWebView APPEND_CHUNK
 LOG  sendDataToWebView APPEND_CHUNK
 LOG  sendDataToWebView APPEND_CHUNK
 LOG  sendDataToWebView APPEND_CHUNK
 LOG  sendDataToWebView APPEND_CHUNK
 LOG  sendDataToWebView APPEND_CHUNK
 LOG  sendDataToWebView APPEND_CHUNK
 LOG  sendDataToWebView APPEND_CHUNK
 LOG  sendDataToWebView APPEND_CHUNK
 WARN  [gitHasChanges] ENOENT during statusMatrix, assuming changes exist: ENOENT: no such file or directory, lstat 'tiddlers/GPU推理时占用率仅1%的原因.tid'
 LOG  sendDataToWebView APPEND_CHUNK
 LOG  sendDataToWebView APPEND_CHUNK
 LOG  sendDataToWebView APPEND_CHUNK
 LOG  sendDataToWebView APPEND_CHUNK
 LOG  sendDataToWebView APPEND_CHUNK
 LOG  sendDataToWebView APPEND_CHUNK
 LOG  sendDataToWebView APPEND_CHUNK
 LOG  sendDataToWebView APPEND_CHUNK
 LOG  sendDataToWebView APPEND_CHUNK
 LOG  sendDataToWebView APPEND_CHUNK
 LOG  sendDataToWebView APPEND_CHUNK
 LOG  sendDataToWebView APPEND_CHUNK
 LOG  sendDataToWebView APPEND_CHUNK
 LOG  sendDataToWebView APPEND_CHUNK
 LOG  sendDataToWebView APPEND_CHUNK
 LOG  sendDataToWebView APPEND_CHUNK
 LOG  sendDataToWebView APPEND_CHUNK
 LOG  sendDataToWebView APPEND_CHUNK
 LOG  sendDataToWebView APPEND_CHUNK
 LOG  sendDataToWebView APPEND_CHUNK
 LOG  sendDataToWebView APPEND_CHUNK
 LOG  sendDataToWebView APPEND_CHUNK
 LOG  sendDataToWebView APPEND_CHUNK
 LOG  sendDataToWebView APPEND_CHUNK
 LOG  sendDataToWebView APPEND_CHUNK
 LOG  sendDataToWebView APPEND_CHUNK
 LOG  sendDataToWebView APPEND_CHUNK
 LOG  sendDataToWebView APPEND_CHUNK
 LOG  sendDataToWebView APPEND_CHUNK
 LOG  sendDataToWebView APPEND_CHUNK
 
(这里一个个 APPEND_CHUNK 非常多，等了也很久，进度条在一点点慢慢走）

 LOG  sendDataToWebView APPEND_CHUNK
 LOG  [FileSystemTiddlersReadStream] _read: end of files (index=26796, total=26796)
 LOG  sendDataToWebView APPEND_CHUNK
 LOG  [injectHtmlAndTiddlersStore] tiddlersStream ended
 LOG  sendDataToWebView FINALIZE_PAYLOAD
 LOG  sendDataToWebView REEXECUTE_SCRIPTS
 LOG  [injectHtmlAndTiddlersStore] writeStream finished
 LOG  [injectHtmlAndTiddlersStore] stream completed successfully

---

webview 加载完成后，界面无法显示，有报错

TidGi calling receiveData() with FINALIZE_PAYLOAD, window.preloadScriptLoaded √, window.onStreamChunksToWebView √, window.service.wikiStorageService √
VM281:3 TidGi calling receiveData() with REEXECUTE_SCRIPTS, window.preloadScriptLoaded √, window.onStreamChunksToWebView √, window.service.wikiStorageService √
boot.js:215 Uncaught TypeError: Cannot read properties of undefined (reading 'name')
$tw.utils.error @ boot.js:215
boot.js:982 Uncaught TypeError: Cannot read properties of undefined (reading 'name')
    at boot.js:982:17
    at boot.js:971:3
    at $tw.utils.each (boot.js:155:12)
    at $tw.modules.forEachModuleOfType (boot.js:970:12)
    at $tw.modules.getModulesByTypeAsHashmap (boot.js:981:14)
    at exports.startup (load-modules.js:32:27)
    at $tw.boot.executeNextStartupTask (boot.js:2622:10)
    at $tw.boot.execStartup (boot.js:2569:11)
    at $tw.boot.startup (boot.js:2579:11)
    at boot.js:2757:12

你可以结合 https://github.com/TiddlyWiki/TiddlyWiki5 的源码，以及我们载入数据的方式来排查